{"C:\\Users\\elias\\repositories\\CCL_Class_Repos\\CCL\\projects\\FindYourTemperature\\part2\\commonJS\\backend\\app.js": {"path":"C:\\Users\\elias\\repositories\\CCL_Class_Repos\\CCL\\projects\\FindYourTemperature\\part2\\commonJS\\backend\\app.js","statementMap":{"0":{"start":{"line":1,"column":13},"end":{"line":1,"column":28}},"1":{"start":{"line":2,"column":16},"end":{"line":2,"column":34}},"2":{"start":{"line":3,"column":15},"end":{"line":3,"column":32}},"3":{"start":{"line":4,"column":23},"end":{"line":4,"column":50}},"4":{"start":{"line":6,"column":0},"end":{"line":6,"column":16}},"5":{"start":{"line":8,"column":20},"end":{"line":8,"column":31}},"6":{"start":{"line":10,"column":20},"end":{"line":14,"column":1}},"7":{"start":{"line":16,"column":12},"end":{"line":16,"column":21}},"8":{"start":{"line":17,"column":0},"end":{"line":17,"column":27}},"9":{"start":{"line":18,"column":0},"end":{"line":18,"column":24}},"10":{"start":{"line":20,"column":0},"end":{"line":22,"column":3}},"11":{"start":{"line":21,"column":4},"end":{"line":21,"column":48}},"12":{"start":{"line":24,"column":0},"end":{"line":38,"column":2}},"13":{"start":{"line":25,"column":28},"end":{"line":25,"column":45}},"14":{"start":{"line":27,"column":21},"end":{"line":27,"column":24}},"15":{"start":{"line":28,"column":4},"end":{"line":35,"column":5}},"16":{"start":{"line":29,"column":8},"end":{"line":29,"column":122}},"17":{"start":{"line":29,"column":64},"end":{"line":29,"column":122}},"18":{"start":{"line":30,"column":8},"end":{"line":30,"column":71}},"19":{"start":{"line":32,"column":8},"end":{"line":32,"column":37}},"20":{"start":{"line":33,"column":8},"end":{"line":33,"column":25}},"21":{"start":{"line":34,"column":8},"end":{"line":34,"column":60}},"22":{"start":{"line":37,"column":4},"end":{"line":37,"column":45}},"23":{"start":{"line":40,"column":0},"end":{"line":40,"column":21}}},"fnMap":{"0":{"name":"(anonymous_0)","decl":{"start":{"line":20,"column":13},"end":{"line":20,"column":14}},"loc":{"start":{"line":20,"column":27},"end":{"line":22,"column":1}},"line":20},"1":{"name":"(anonymous_1)","decl":{"start":{"line":24,"column":21},"end":{"line":24,"column":22}},"loc":{"start":{"line":24,"column":41},"end":{"line":38,"column":1}},"line":24}},"branchMap":{"0":{"loc":{"start":{"line":29,"column":8},"end":{"line":29,"column":122}},"type":"if","locations":[{"start":{"line":29,"column":8},"end":{"line":29,"column":122}},{"start":{},"end":{}}],"line":29},"1":{"loc":{"start":{"line":29,"column":12},"end":{"line":29,"column":62}},"type":"binary-expr","locations":[{"start":{"line":29,"column":12},"end":{"line":29,"column":30}},{"start":{"line":29,"column":34},"end":{"line":29,"column":62}}],"line":29}},"s":{"0":1,"1":1,"2":1,"3":1,"4":1,"5":1,"6":1,"7":1,"8":1,"9":1,"10":1,"11":1,"12":1,"13":2,"14":2,"15":2,"16":2,"17":1,"18":1,"19":1,"20":1,"21":1,"22":2,"23":1},"f":{"0":1,"1":2},"b":{"0":[1,1],"1":[2,1]},"_coverageSchema":"1a1c01bbd47fc00a2c39e90264f33305004495a9","hash":"c1eaedcc1a811ecc791edff27cb50e5dcaed73ff"}
,"C:\\Users\\elias\\repositories\\CCL_Class_Repos\\CCL\\projects\\FindYourTemperature\\part2\\commonJS\\backend\\convertTemperature.js": {"path":"C:\\Users\\elias\\repositories\\CCL_Class_Repos\\CCL\\projects\\FindYourTemperature\\part2\\commonJS\\backend\\convertTemperature.js","statementMap":{"0":{"start":{"line":9,"column":4},"end":{"line":15,"column":5}},"1":{"start":{"line":10,"column":8},"end":{"line":10,"column":61}},"2":{"start":{"line":11,"column":11},"end":{"line":15,"column":5}},"3":{"start":{"line":12,"column":8},"end":{"line":12,"column":48}},"4":{"start":{"line":14,"column":8},"end":{"line":14,"column":69}},"5":{"start":{"line":17,"column":4},"end":{"line":17,"column":32}},"6":{"start":{"line":20,"column":0},"end":{"line":20,"column":36}}},"fnMap":{"0":{"name":"convertTemperature","decl":{"start":{"line":7,"column":9},"end":{"line":7,"column":27}},"loc":{"start":{"line":7,"column":75},"end":{"line":18,"column":1}},"line":7}},"branchMap":{"0":{"loc":{"start":{"line":9,"column":4},"end":{"line":15,"column":5}},"type":"if","locations":[{"start":{"line":9,"column":4},"end":{"line":15,"column":5}},{"start":{"line":11,"column":11},"end":{"line":15,"column":5}}],"line":9},"1":{"loc":{"start":{"line":9,"column":8},"end":{"line":9,"column":64}},"type":"binary-expr","locations":[{"start":{"line":9,"column":8},"end":{"line":9,"column":35}},{"start":{"line":9,"column":39},"end":{"line":9,"column":64}}],"line":9},"2":{"loc":{"start":{"line":11,"column":11},"end":{"line":15,"column":5}},"type":"if","locations":[{"start":{"line":11,"column":11},"end":{"line":15,"column":5}},{"start":{"line":13,"column":11},"end":{"line":15,"column":5}}],"line":11},"3":{"loc":{"start":{"line":11,"column":15},"end":{"line":11,"column":71}},"type":"binary-expr","locations":[{"start":{"line":11,"column":15},"end":{"line":11,"column":42}},{"start":{"line":11,"column":46},"end":{"line":11,"column":71}}],"line":11}},"s":{"0":4,"1":2,"2":2,"3":1,"4":1,"5":3,"6":2},"f":{"0":4},"b":{"0":[2,2],"1":[4,3],"2":[1,1],"3":[2,1]},"_coverageSchema":"1a1c01bbd47fc00a2c39e90264f33305004495a9","hash":"d08ce9f3df060821b51a8855a49d2a75cf75a963"}
,"C:\\Users\\elias\\repositories\\CCL_Class_Repos\\CCL\\projects\\FindYourTemperature\\part2\\commonJS\\backend\\getWeatherData.js": {"path":"C:\\Users\\elias\\repositories\\CCL_Class_Repos\\CCL\\projects\\FindYourTemperature\\part2\\commonJS\\backend\\getWeatherData.js","statementMap":{"0":{"start":{"line":1,"column":0},"end":{"line":1,"column":53}},"1":{"start":{"line":9,"column":29},"end":{"line":9,"column":131}},"2":{"start":{"line":10,"column":22},"end":{"line":10,"column":53}},"3":{"start":{"line":11,"column":26},"end":{"line":11,"column":42}},"4":{"start":{"line":12,"column":22},"end":{"line":12,"column":43}},"5":{"start":{"line":13,"column":4},"end":{"line":13,"column":72}},"6":{"start":{"line":14,"column":4},"end":{"line":14,"column":91}},"7":{"start":{"line":17,"column":0},"end":{"line":17,"column":32}}},"fnMap":{"0":{"name":"getWeatherData","decl":{"start":{"line":8,"column":15},"end":{"line":8,"column":29}},"loc":{"start":{"line":8,"column":58},"end":{"line":15,"column":1}},"line":8}},"branchMap":{},"s":{"0":1,"1":1,"2":1,"3":1,"4":1,"5":1,"6":1,"7":1},"f":{"0":1},"b":{},"_coverageSchema":"1a1c01bbd47fc00a2c39e90264f33305004495a9","hash":"785e6043db09ac0ccab505a24ed42d6d70d71d7b"}
}
