TN:
SF:app.js
FN:20,(anonymous_0)
FN:24,(anonymous_1)
FNF:2
FNH:2
FNDA:1,(anonymous_0)
FNDA:2,(anonymous_1)
DA:1,1
DA:2,1
DA:3,1
DA:4,1
DA:6,1
DA:8,1
DA:10,1
DA:16,1
DA:17,1
DA:18,1
DA:20,1
DA:21,1
DA:24,1
DA:25,2
DA:27,2
DA:28,2
DA:29,2
DA:30,1
DA:32,1
DA:33,1
DA:34,1
DA:37,2
DA:40,1
LF:23
LH:23
BRDA:29,0,0,1
BRDA:29,0,1,1
BRDA:29,1,0,2
BRDA:29,1,1,1
BRF:4
BRH:4
end_of_record
TN:
SF:convertTemperature.js
FN:7,convertTemperature
FNF:1
FNH:1
FNDA:4,convertTemperature
DA:9,4
DA:10,2
DA:11,2
DA:12,1
DA:14,1
DA:17,3
DA:20,2
LF:7
LH:7
BRDA:9,0,0,2
BRDA:9,0,1,2
BRDA:9,1,0,4
BRDA:9,1,1,3
BRDA:11,2,0,1
BRDA:11,2,1,1
BRDA:11,3,0,2
BRDA:11,3,1,1
BRF:8
BRH:8
end_of_record
TN:
SF:getWeatherData.js
FN:8,getWeatherData
FNF:1
FNH:1
FNDA:1,getWeatherData
DA:1,1
DA:9,1
DA:10,1
DA:11,1
DA:12,1
DA:13,1
DA:14,1
DA:17,1
LF:8
LH:8
BRF:0
BRH:0
end_of_record
